<?xml version="1.0" encoding="UTF-8"?>
<!-- Generated by org.testng.reporters.JUnitXMLReporter -->
<testsuite ignored="2" hostname="LAPTOP-VD99SRCL" failures="0" tests="4" name="Test" time="74.089" errors="0" timestamp="2023-06-22T07:47:00 IST">
  <testcase classname="com.PageObjectModel.Scripts.LoginTest" name="verifySigninInvalidUserInvalidpass" time="2.483"/>
  <testcase classname="com.PageObjectModel.Scripts.LoginTest" name="verifySigninInvalidUserValidpass" time="2.999"/>
  <testcase classname="com.PageObjectModel.Scripts.LoginTest" name="verifySigninValidUserInvalidpass" time="1.827"/>
  <testcase classname="com.PageObjectModel.Scripts.LoginTest" name="verifySigninValidUserValidpass" time="4.229"/>
  <testcase classname="com.PageObjectModel.Base.TestBase" name="@BeforeTest beforeTest" time="0.0">
    <ignored/>
  </testcase> <!-- @BeforeTest beforeTest -->
  <testcase classname="com.PageObjectModel.Base.TestBase" name="@AfterTest afterTest" time="0.0">
    <ignored/>
  </testcase> <!-- @AfterTest afterTest -->
</testsuite> <!-- Test -->
